This file contains any messages produced by compilers while
running configure, to aid debugging if configure makes a mistake.

It was created by configure, which was
generated by GNU Autoconf 2.68.  Invocation command line was

  $ ./configure 

## --------- ##
## Platform. ##
## --------- ##

hostname = sylvain-System-Product-Name
uname -m = x86_64
uname -r = 5.15.0-56-generic
uname -s = Linux
uname -v = #62~20.04.1-Ubuntu SMP Tue Nov 22 21:24:20 UTC 2022

/usr/bin/uname -p = x86_64
/bin/uname -X     = unknown

/bin/arch              = x86_64
/usr/bin/arch -k       = unknown
/usr/convex/getsysinfo = unknown
/usr/bin/hostinfo      = unknown
/bin/machine           = unknown
/usr/bin/oslevel       = unknown
/bin/universe          = unknown

PATH: /home/sylvain/miniconda3/bin
PATH: /home/sylvain/miniconda3/condabin
PATH: /usr/local/sbin
PATH: /usr/local/bin
PATH: /usr/sbin
PATH: /usr/bin
PATH: /sbin
PATH: /bin
PATH: /usr/games
PATH: /usr/local/games
PATH: /snap/bin


## ----------- ##
## Core tests. ##
## ----------- ##

configure:2734: checking build system type
configure:2748: result: x86_64-unknown-linux-gnu
configure:2768: checking host system type
configure:2781: result: x86_64-unknown-linux-gnu
configure:2817: checking for a BSD-compatible install
configure:2885: result: /usr/bin/install -c
configure:2896: checking whether build environment is sane
configure:2946: result: yes
configure:3087: checking for a thread-safe mkdir -p
configure:3126: result: /usr/bin/mkdir -p
configure:3139: checking for gawk
configure:3169: result: no
configure:3139: checking for mawk
configure:3155: found /usr/bin/mawk
configure:3166: result: mawk
configure:3177: checking whether make sets $(MAKE)
configure:3199: result: yes
configure:3372: checking for gcc
configure:3388: found /usr/bin/gcc
configure:3399: result: gcc
configure:3628: checking for C compiler version
configure:3637: gcc --version >&5
gcc (Ubuntu 9.4.0-1ubuntu1~20.04.1) 9.4.0
Copyright (C) 2019 Free Software Foundation, Inc.
This is free software; see the source for copying conditions.  There is NO
warranty; not even for MERCHANTABILITY or FITNESS FOR A PARTICULAR PURPOSE.

configure:3648: $? = 0
configure:3637: gcc -v >&5
Using built-in specs.
COLLECT_GCC=gcc
COLLECT_LTO_WRAPPER=/usr/lib/gcc/x86_64-linux-gnu/9/lto-wrapper
OFFLOAD_TARGET_NAMES=nvptx-none:hsa
OFFLOAD_TARGET_DEFAULT=1
Target: x86_64-linux-gnu
Configured with: ../src/configure -v --with-pkgversion='Ubuntu 9.4.0-1ubuntu1~20.04.1' --with-bugurl=file:///usr/share/doc/gcc-9/README.Bugs --enable-languages=c,ada,c++,go,brig,d,fortran,objc,obj-c++,gm2 --prefix=/usr --with-gcc-major-version-only --program-suffix=-9 --program-prefix=x86_64-linux-gnu- --enable-shared --enable-linker-build-id --libexecdir=/usr/lib --without-included-gettext --enable-threads=posix --libdir=/usr/lib --enable-nls --enable-clocale=gnu --enable-libstdcxx-debug --enable-libstdcxx-time=yes --with-default-libstdcxx-abi=new --enable-gnu-unique-object --disable-vtable-verify --enable-plugin --enable-default-pie --with-system-zlib --with-target-system-zlib=auto --enable-objc-gc=auto --enable-multiarch --disable-werror --with-arch-32=i686 --with-abi=m64 --with-multilib-list=m32,m64,mx32 --enable-multilib --with-tune=generic --enable-offload-targets=nvptx-none=/build/gcc-9-Av3uEd/gcc-9-9.4.0/debian/tmp-nvptx/usr,hsa --without-cuda-driver --enable-checking=release --build=x86_64-linux-gnu --host=x86_64-linux-gnu --target=x86_64-linux-gnu
Thread model: posix
gcc version 9.4.0 (Ubuntu 9.4.0-1ubuntu1~20.04.1) 
configure:3648: $? = 0
configure:3637: gcc -V >&5
gcc: error: unrecognized command line option '-V'
gcc: fatal error: no input files
compilation terminated.
configure:3648: $? = 1
configure:3637: gcc -qversion >&5
gcc: error: unrecognized command line option '-qversion'; did you mean '--version'?
gcc: fatal error: no input files
compilation terminated.
configure:3648: $? = 1
configure:3668: checking whether the C compiler works
configure:3690: gcc  -D_GNU_SOURCE   conftest.c  >&5
configure:3694: $? = 0
configure:3742: result: yes
configure:3745: checking for C compiler default output file name
configure:3747: result: a.out
configure:3753: checking for suffix of executables
configure:3760: gcc -o conftest  -D_GNU_SOURCE   conftest.c  >&5
configure:3764: $? = 0
configure:3786: result: 
configure:3808: checking whether we are cross compiling
configure:3816: gcc -o conftest  -D_GNU_SOURCE   conftest.c  >&5
configure:3820: $? = 0
configure:3827: ./conftest
configure:3831: $? = 0
configure:3819: result: no
configure:3824: checking for suffix of object files
configure:3846: gcc -c  -D_GNU_SOURCE  conftest.c >&5
configure:3850: $? = 0
configure:3871: result: o
configure:3875: checking whether we are using the GNU C compiler
configure:3894: gcc -c  -D_GNU_SOURCE  conftest.c >&5
configure:3894: $? = 0
configure:3903: result: yes
configure:3912: checking whether gcc accepts -g
configure:3932: gcc -c -g  conftest.c >&5
configure:3932: $? = 0
configure:3973: result: yes
configure:3990: checking for gcc option to accept ISO C89
configure:4054: gcc  -c  -D_GNU_SOURCE  conftest.c >&5
configure:4054: $? = 0
configure:4067: result: none needed
configure:4098: checking for style of include used by make
configure:4126: result: GNU
configure:4151: checking dependency style of gcc
configure:4261: result: gcc3
configure:4281: checking how to run the C preprocessor
configure:4312: gcc -E  conftest.c
configure:4312: $? = 0
configure:4326: gcc -E  conftest.c
conftest.c:11:10: fatal error: ac_nonexistent.h: No such file or directory
   11 | #include <ac_nonexistent.h>
      |          ^~~~~~~~~~~~~~~~~~
compilation terminated.
configure:4326: $? = 1
configure: failed program was:
| /* confdefs.h */
| #define PACKAGE_NAME ""
| #define PACKAGE_TARNAME ""
| #define PACKAGE_VERSION ""
| #define PACKAGE_STRING ""
| #define PACKAGE_BUGREPORT ""
| #define PACKAGE_URL ""
| #define PACKAGE "alsa-lib"
| #define VERSION "1.0.25"
| /* end confdefs.h.  */
| #include <ac_nonexistent.h>
configure:4351: result: gcc -E
configure:4371: gcc -E  conftest.c
configure:4371: $? = 0
configure:4385: gcc -E  conftest.c
conftest.c:11:10: fatal error: ac_nonexistent.h: No such file or directory
   11 | #include <ac_nonexistent.h>
      |          ^~~~~~~~~~~~~~~~~~
compilation terminated.
configure:4385: $? = 1
configure: failed program was:
| /* confdefs.h */
| #define PACKAGE_NAME ""
| #define PACKAGE_TARNAME ""
| #define PACKAGE_VERSION ""
| #define PACKAGE_STRING ""
| #define PACKAGE_BUGREPORT ""
| #define PACKAGE_URL ""
| #define PACKAGE "alsa-lib"
| #define VERSION "1.0.25"
| /* end confdefs.h.  */
| #include <ac_nonexistent.h>
configure:4414: checking whether ln -s works
configure:4418: result: yes
configure:4500: checking for a sed that does not truncate output
configure:4554: result: /usr/bin/sed
configure:4557: checking for grep that handles long lines and -e
configure:4615: result: /usr/bin/grep
configure:4620: checking for egrep
configure:4682: result: /usr/bin/grep -E
configure:4698: checking for ld used by gcc
configure:4765: result: /usr/bin/ld
configure:4772: checking if the linker (/usr/bin/ld) is GNU ld
configure:4787: result: yes
configure:4792: checking for /usr/bin/ld option to reload object files
configure:4799: result: -r
configure:4817: checking for BSD-compatible nm
configure:4866: result: /usr/bin/nm -B
configure:4870: checking how to recognise dependent libraries
configure:5046: result: pass_all
configure:5134: gcc -c  -D_GNU_SOURCE  conftest.c >&5
configure:5137: $? = 0
configure:5251: checking for ANSI C header files
configure:5271: gcc -c  -D_GNU_SOURCE  conftest.c >&5
configure:5271: $? = 0
configure:5344: gcc -o conftest  -D_GNU_SOURCE   conftest.c  >&5
configure:5344: $? = 0
configure:5344: ./conftest
configure:5344: $? = 0
configure:5355: result: yes
configure:5368: checking for sys/types.h
configure:5368: gcc -c  -D_GNU_SOURCE  conftest.c >&5
configure:5368: $? = 0
configure:5368: result: yes
configure:5368: checking for sys/stat.h
configure:5368: gcc -c  -D_GNU_SOURCE  conftest.c >&5
configure:5368: $? = 0
configure:5368: result: yes
configure:5368: checking for stdlib.h
configure:5368: gcc -c  -D_GNU_SOURCE  conftest.c >&5
configure:5368: $? = 0
configure:5368: result: yes
configure:5368: checking for string.h
configure:5368: gcc -c  -D_GNU_SOURCE  conftest.c >&5
configure:5368: $? = 0
configure:5368: result: yes
configure:5368: checking for memory.h
configure:5368: gcc -c  -D_GNU_SOURCE  conftest.c >&5
configure:5368: $? = 0
configure:5368: result: yes
configure:5368: checking for strings.h
configure:5368: gcc -c  -D_GNU_SOURCE  conftest.c >&5
configure:5368: $? = 0
configure:5368: result: yes
configure:5368: checking for inttypes.h
configure:5368: gcc -c  -D_GNU_SOURCE  conftest.c >&5
configure:5368: $? = 0
configure:5368: result: yes
configure:5368: checking for stdint.h
configure:5368: gcc -c  -D_GNU_SOURCE  conftest.c >&5
configure:5368: $? = 0
configure:5368: result: yes
configure:5368: checking for unistd.h
configure:5368: gcc -c  -D_GNU_SOURCE  conftest.c >&5
configure:5368: $? = 0
configure:5368: result: yes
configure:5382: checking dlfcn.h usability
configure:5382: gcc -c  -D_GNU_SOURCE  conftest.c >&5
configure:5382: $? = 0
configure:5382: result: yes
configure:5382: checking dlfcn.h presence
configure:5382: gcc -E  conftest.c
configure:5382: $? = 0
configure:5382: result: yes
configure:5382: checking for dlfcn.h
configure:5382: result: yes
configure:5450: checking for g++
configure:5466: found /usr/bin/g++
configure:5477: result: g++
configure:5504: checking for C++ compiler version
configure:5513: g++ --version >&5
g++ (Ubuntu 9.4.0-1ubuntu1~20.04.1) 9.4.0
Copyright (C) 2019 Free Software Foundation, Inc.
This is free software; see the source for copying conditions.  There is NO
warranty; not even for MERCHANTABILITY or FITNESS FOR A PARTICULAR PURPOSE.

configure:5524: $? = 0
configure:5513: g++ -v >&5
Using built-in specs.
COLLECT_GCC=g++
COLLECT_LTO_WRAPPER=/usr/lib/gcc/x86_64-linux-gnu/9/lto-wrapper
OFFLOAD_TARGET_NAMES=nvptx-none:hsa
OFFLOAD_TARGET_DEFAULT=1
Target: x86_64-linux-gnu
Configured with: ../src/configure -v --with-pkgversion='Ubuntu 9.4.0-1ubuntu1~20.04.1' --with-bugurl=file:///usr/share/doc/gcc-9/README.Bugs --enable-languages=c,ada,c++,go,brig,d,fortran,objc,obj-c++,gm2 --prefix=/usr --with-gcc-major-version-only --program-suffix=-9 --program-prefix=x86_64-linux-gnu- --enable-shared --enable-linker-build-id --libexecdir=/usr/lib --without-included-gettext --enable-threads=posix --libdir=/usr/lib --enable-nls --enable-clocale=gnu --enable-libstdcxx-debug --enable-libstdcxx-time=yes --with-default-libstdcxx-abi=new --enable-gnu-unique-object --disable-vtable-verify --enable-plugin --enable-default-pie --with-system-zlib --with-target-system-zlib=auto --enable-objc-gc=auto --enable-multiarch --disable-werror --with-arch-32=i686 --with-abi=m64 --with-multilib-list=m32,m64,mx32 --enable-multilib --with-tune=generic --enable-offload-targets=nvptx-none=/build/gcc-9-Av3uEd/gcc-9-9.4.0/debian/tmp-nvptx/usr,hsa --without-cuda-driver --enable-checking=release --build=x86_64-linux-gnu --host=x86_64-linux-gnu --target=x86_64-linux-gnu
Thread model: posix
gcc version 9.4.0 (Ubuntu 9.4.0-1ubuntu1~20.04.1) 
configure:5524: $? = 0
configure:5513: g++ -V >&5
g++: error: unrecognized command line option '-V'
g++: fatal error: no input files
compilation terminated.
configure:5524: $? = 1
configure:5513: g++ -qversion >&5
g++: error: unrecognized command line option '-qversion'; did you mean '--version'?
g++: fatal error: no input files
compilation terminated.
configure:5524: $? = 1
configure:5528: checking whether we are using the GNU C++ compiler
configure:5547: g++ -c   conftest.cpp >&5
configure:5547: $? = 0
configure:5556: result: yes
configure:5565: checking whether g++ accepts -g
configure:5585: g++ -c -g  conftest.cpp >&5
configure:5585: $? = 0
configure:5626: result: yes
configure:5651: checking dependency style of g++
configure:5761: result: gcc3
configure:5786: checking how to run the C++ preprocessor
configure:5813: g++ -E  conftest.cpp
configure:5813: $? = 0
configure:5827: g++ -E  conftest.cpp
conftest.cpp:22:10: fatal error: ac_nonexistent.h: No such file or directory
   22 | #include <ac_nonexistent.h>
      |          ^~~~~~~~~~~~~~~~~~
compilation terminated.
configure:5827: $? = 1
configure: failed program was:
| /* confdefs.h */
| #define PACKAGE_NAME ""
| #define PACKAGE_TARNAME ""
| #define PACKAGE_VERSION ""
| #define PACKAGE_STRING ""
| #define PACKAGE_BUGREPORT ""
| #define PACKAGE_URL ""
| #define PACKAGE "alsa-lib"
| #define VERSION "1.0.25"
| #define STDC_HEADERS 1
| #define HAVE_SYS_TYPES_H 1
| #define HAVE_SYS_STAT_H 1
| #define HAVE_STDLIB_H 1
| #define HAVE_STRING_H 1
| #define HAVE_MEMORY_H 1
| #define HAVE_STRINGS_H 1
| #define HAVE_INTTYPES_H 1
| #define HAVE_STDINT_H 1
| #define HAVE_UNISTD_H 1
| #define HAVE_DLFCN_H 1
| /* end confdefs.h.  */
| #include <ac_nonexistent.h>
configure:5852: result: g++ -E
configure:5872: g++ -E  conftest.cpp
configure:5872: $? = 0
configure:5886: g++ -E  conftest.cpp
conftest.cpp:22:10: fatal error: ac_nonexistent.h: No such file or directory
   22 | #include <ac_nonexistent.h>
      |          ^~~~~~~~~~~~~~~~~~
compilation terminated.
configure:5886: $? = 1
configure: failed program was:
| /* confdefs.h */
| #define PACKAGE_NAME ""
| #define PACKAGE_TARNAME ""
| #define PACKAGE_VERSION ""
| #define PACKAGE_STRING ""
| #define PACKAGE_BUGREPORT ""
| #define PACKAGE_URL ""
| #define PACKAGE "alsa-lib"
| #define VERSION "1.0.25"
| #define STDC_HEADERS 1
| #define HAVE_SYS_TYPES_H 1
| #define HAVE_SYS_STAT_H 1
| #define HAVE_STDLIB_H 1
| #define HAVE_STRING_H 1
| #define HAVE_MEMORY_H 1
| #define HAVE_STRINGS_H 1
| #define HAVE_INTTYPES_H 1
| #define HAVE_STDINT_H 1
| #define HAVE_UNISTD_H 1
| #define HAVE_DLFCN_H 1
| /* end confdefs.h.  */
| #include <ac_nonexistent.h>
configure:5970: checking for g77
configure:6000: result: no
configure:5970: checking for xlf
configure:6000: result: no
configure:5970: checking for f77
configure:6000: result: no
configure:5970: checking for frt
configure:6000: result: no
configure:5970: checking for pgf77
configure:6000: result: no
configure:5970: checking for cf77
configure:6000: result: no
configure:5970: checking for fort77
configure:6000: result: no
configure:5970: checking for fl32
configure:6000: result: no
configure:5970: checking for af77
configure:6000: result: no
configure:5970: checking for xlf90
configure:6000: result: no
configure:5970: checking for f90
configure:6000: result: no
configure:5970: checking for pgf90
configure:6000: result: no
configure:5970: checking for pghpf
configure:6000: result: no
configure:5970: checking for epcf90
configure:6000: result: no
configure:5970: checking for gfortran
configure:6000: result: no
configure:5970: checking for g95
configure:6000: result: no
configure:5970: checking for xlf95
configure:6000: result: no
configure:5970: checking for f95
configure:6000: result: no
configure:5970: checking for fort
configure:6000: result: no
configure:5970: checking for ifort
configure:6000: result: no
configure:5970: checking for ifc
configure:6000: result: no
configure:5970: checking for efc
configure:6000: result: no
configure:5970: checking for pgfortran
configure:6000: result: no
configure:5970: checking for pgf95
configure:6000: result: no
configure:5970: checking for lf95
configure:6000: result: no
configure:5970: checking for ftn
configure:6000: result: no
configure:6023: checking for Fortran 77 compiler version
configure:6032:  --version >&5
./configure: line 6034: --version: command not found
configure:6043: $? = 127
configure:6032:  -v >&5
./configure: line 6034: -v: command not found
configure:6043: $? = 127
configure:6032:  -V >&5
./configure: line 6034: -V: command not found
configure:6043: $? = 127
configure:6032:  -qversion >&5
./configure: line 6034: -qversion: command not found
configure:6043: $? = 127
configure:6052: checking whether we are using the GNU Fortran 77 compiler
configure:6065:  -c  conftest.F >&5
./configure: line 2277: -c: command not found
configure:6065: $? = 127
configure: failed program was:
|       program main
| #ifndef __GNUC__
|        choke me
| #endif
| 
|       end
configure:6074: result: no
configure:6080: checking whether  accepts -g
configure:6091:  -c -g conftest.f >&5
./configure: line 2277: -c: command not found
configure:6091: $? = 127
configure: failed program was:
|       program main
| 
|       end
configure:6099: result: no
configure:6133: checking the maximum length of command line arguments
configure:6242: result: 32768
configure:6253: checking command to parse /usr/bin/nm -B output from gcc object
configure:6358: gcc -c  -D_GNU_SOURCE  conftest.c >&5
configure:6361: $? = 0
configure:6365: /usr/bin/nm -B conftest.o \| sed -n -e 's/^.*[ 	]\([ABCDGIRSTW][ABCDGIRSTW]*\)[ 	][ 	]*\([_A-Za-z][_A-Za-z0-9]*\)$/\1 \2 \2/p' \> conftest.nm
configure:6368: $? = 0
configure:6420: gcc -o conftest  -D_GNU_SOURCE   conftest.c conftstm.o >&5
configure:6423: $? = 0
configure:6461: result: ok
configure:6465: checking for objdir
configure:6480: result: .libs
configure:6572: checking for ar
configure:6588: found /usr/bin/ar
configure:6599: result: ar
configure:6664: checking for ranlib
configure:6680: found /usr/bin/ranlib
configure:6691: result: ranlib
configure:6756: checking for strip
configure:6772: found /usr/bin/strip
configure:6783: result: strip
configure:7065: checking if gcc supports -fno-rtti -fno-exceptions
configure:7114: gcc -c  -D_GNU_SOURCE  -fno-rtti -fno-exceptions conftest.c >&5
cc1: warning: command line option '-fno-rtti' is valid for C++/D/ObjC++ but not for C
configure:7118: $? = 0
configure:7100: result: no
configure:7090: checking for gcc option to produce PIC
configure:7300: result: -fPIC
configure:7308: checking if gcc PIC flag -fPIC works
configure:7382: gcc -c  -D_GNU_SOURCE  -fPIC -DPIC conftest.c >&5
configure:7386: $? = 0
configure:7343: result: yes
configure:7342: checking if gcc static flag -static works
configure:7370: result: yes
configure:7380: checking if gcc supports -c -o file.o
configure:7486: gcc -c  -D_GNU_SOURCE  -o out/conftest2.o conftest.c >&5
configure:7490: $? = 0
configure:7403: result: yes
configure:7429: checking whether the gcc linker (/usr/bin/ld -m elf_x86_64) supports shared libraries
configure:8329: result: yes
configure:8350: checking whether -lc should be explicitly linked in
configure:8355: gcc -c  -D_GNU_SOURCE  conftest.c >&5
configure:8358: $? = 0
configure:8373: gcc -shared conftest.o  -v -Wl,-soname -Wl,conftest -o conftest 2\>\&1 \| grep  -lc  \>/dev/null 2\>\&1
configure:8376: $? = 0
configure:8388: result: no
configure:8396: checking dynamic linker characteristics
configure:8984: result: GNU/Linux ld.so
configure:8993: checking how to hardcode library paths into programs
configure:9018: result: immediate
configure:9032: checking whether stripping libraries is possible
configure:9037: result: yes
configure:9135: checking for shl_load
configure:9135: gcc -o conftest  -D_GNU_SOURCE   conftest.c  >&5
/usr/bin/ld: /tmp/ccoXg2zH.o: in function `main':
conftest.c:(.text+0xe): undefined reference to `shl_load'
collect2: error: ld returned 1 exit status
configure:9135: $? = 1
configure: failed program was:
| /* confdefs.h */
| #define PACKAGE_NAME ""
| #define PACKAGE_TARNAME ""
| #define PACKAGE_VERSION ""
| #define PACKAGE_STRING ""
| #define PACKAGE_BUGREPORT ""
| #define PACKAGE_URL ""
| #define PACKAGE "alsa-lib"
| #define VERSION "1.0.25"
| #define STDC_HEADERS 1
| #define HAVE_SYS_TYPES_H 1
| #define HAVE_SYS_STAT_H 1
| #define HAVE_STDLIB_H 1
| #define HAVE_STRING_H 1
| #define HAVE_MEMORY_H 1
| #define HAVE_STRINGS_H 1
| #define HAVE_INTTYPES_H 1
| #define HAVE_STDINT_H 1
| #define HAVE_UNISTD_H 1
| #define HAVE_DLFCN_H 1
| /* end confdefs.h.  */
| /* Define shl_load to an innocuous variant, in case <limits.h> declares shl_load.
|    For example, HP-UX 11i <limits.h> declares gettimeofday.  */
| #define shl_load innocuous_shl_load
| 
| /* System header to define __stub macros and hopefully few prototypes,
|     which can conflict with char shl_load (); below.
|     Prefer <limits.h> to <assert.h> if __STDC__ is defined, since
|     <limits.h> exists even on freestanding compilers.  */
| 
| #ifdef __STDC__
| # include <limits.h>
| #else
| # include <assert.h>
| #endif
| 
| #undef shl_load
| 
| /* Override any GCC internal prototype to avoid an error.
|    Use char because int might match the return type of a GCC
|    builtin and then its argument prototype would still apply.  */
| #ifdef __cplusplus
| extern "C"
| #endif
| char shl_load ();
| /* The GNU C library defines this for functions which it implements
|     to always fail with ENOSYS.  Some functions are actually named
|     something starting with __ and the normal name is an alias.  */
| #if defined __stub_shl_load || defined __stub___shl_load
| choke me
| #endif
| 
| int
| main ()
| {
| return shl_load ();
|   ;
|   return 0;
| }
configure:9135: result: no
configure:9139: checking for shl_load in -ldld
configure:9164: gcc -o conftest  -D_GNU_SOURCE   conftest.c -ldld   >&5
/usr/bin/ld: cannot find -ldld
collect2: error: ld returned 1 exit status
configure:9164: $? = 1
configure: failed program was:
| /* confdefs.h */
| #define PACKAGE_NAME ""
| #define PACKAGE_TARNAME ""
| #define PACKAGE_VERSION ""
| #define PACKAGE_STRING ""
| #define PACKAGE_BUGREPORT ""
| #define PACKAGE_URL ""
| #define PACKAGE "alsa-lib"
| #define VERSION "1.0.25"
| #define STDC_HEADERS 1
| #define HAVE_SYS_TYPES_H 1
| #define HAVE_SYS_STAT_H 1
| #define HAVE_STDLIB_H 1
| #define HAVE_STRING_H 1
| #define HAVE_MEMORY_H 1
| #define HAVE_STRINGS_H 1
| #define HAVE_INTTYPES_H 1
| #define HAVE_STDINT_H 1
| #define HAVE_UNISTD_H 1
| #define HAVE_DLFCN_H 1
| /* end confdefs.h.  */
| 
| /* Override any GCC internal prototype to avoid an error.
|    Use char because int might match the return type of a GCC
|    builtin and then its argument prototype would still apply.  */
| #ifdef __cplusplus
| extern "C"
| #endif
| char shl_load ();
| int
| main ()
| {
| return shl_load ();
|   ;
|   return 0;
| }
configure:9173: result: no
configure:9178: checking for dlopen
configure:9178: gcc -o conftest  -D_GNU_SOURCE   conftest.c  >&5
/usr/bin/ld: /tmp/ccPkuxQM.o: in function `main':
conftest.c:(.text+0xe): undefined reference to `dlopen'
collect2: error: ld returned 1 exit status
configure:9178: $? = 1
configure: failed program was:
| /* confdefs.h */
| #define PACKAGE_NAME ""
| #define PACKAGE_TARNAME ""
| #define PACKAGE_VERSION ""
| #define PACKAGE_STRING ""
| #define PACKAGE_BUGREPORT ""
| #define PACKAGE_URL ""
| #define PACKAGE "alsa-lib"
| #define VERSION "1.0.25"
| #define STDC_HEADERS 1
| #define HAVE_SYS_TYPES_H 1
| #define HAVE_SYS_STAT_H 1
| #define HAVE_STDLIB_H 1
| #define HAVE_STRING_H 1
| #define HAVE_MEMORY_H 1
| #define HAVE_STRINGS_H 1
| #define HAVE_INTTYPES_H 1
| #define HAVE_STDINT_H 1
| #define HAVE_UNISTD_H 1
| #define HAVE_DLFCN_H 1
| /* end confdefs.h.  */
| /* Define dlopen to an innocuous variant, in case <limits.h> declares dlopen.
|    For example, HP-UX 11i <limits.h> declares gettimeofday.  */
| #define dlopen innocuous_dlopen
| 
| /* System header to define __stub macros and hopefully few prototypes,
|     which can conflict with char dlopen (); below.
|     Prefer <limits.h> to <assert.h> if __STDC__ is defined, since
|     <limits.h> exists even on freestanding compilers.  */
| 
| #ifdef __STDC__
| # include <limits.h>
| #else
| # include <assert.h>
| #endif
| 
| #undef dlopen
| 
| /* Override any GCC internal prototype to avoid an error.
|    Use char because int might match the return type of a GCC
|    builtin and then its argument prototype would still apply.  */
| #ifdef __cplusplus
| extern "C"
| #endif
| char dlopen ();
| /* The GNU C library defines this for functions which it implements
|     to always fail with ENOSYS.  Some functions are actually named
|     something starting with __ and the normal name is an alias.  */
| #if defined __stub_dlopen || defined __stub___dlopen
| choke me
| #endif
| 
| int
| main ()
| {
| return dlopen ();
|   ;
|   return 0;
| }
configure:9178: result: no
configure:9182: checking for dlopen in -ldl
configure:9207: gcc -o conftest  -D_GNU_SOURCE   conftest.c -ldl   >&5
configure:9207: $? = 0
configure:9216: result: yes
configure:9335: checking whether a program can dlopen itself
configure:9409: gcc -o conftest  -D_GNU_SOURCE  -DHAVE_DLFCN_H  -Wl,--export-dynamic conftest.c -ldl  >&5
configure: In function 'main':
configure:9514:5: warning: implicit declaration of function 'exit' [-Wimplicit-function-declaration]
 9514 | 
      |     ^   
configure:9514:5: warning: incompatible implicit declaration of built-in function 'exit'
configure:9462:1: note: include '<stdlib.h>' or provide a declaration of 'exit'
 9461 | 
  +++ |+#include <stdlib.h>
 9462 | #include <stdio.h>
configure:9412: $? = 0
configure:9430: result: yes
configure:9435: checking whether a statically linked program can dlopen itself
configure:9509: gcc -o conftest  -D_GNU_SOURCE  -DHAVE_DLFCN_H  -Wl,--export-dynamic -static conftest.c -ldl  >&5
configure: In function 'main':
configure:9614:5: warning: implicit declaration of function 'exit' [-Wimplicit-function-declaration]
 9614 | 
      |     ^   
configure:9614:5: warning: incompatible implicit declaration of built-in function 'exit'
configure:9562:1: note: include '<stdlib.h>' or provide a declaration of 'exit'
 9561 | 
  +++ |+#include <stdlib.h>
 9562 | #include <stdio.h>
/usr/bin/ld: /tmp/cc4jBLci.o: in function `main':
conftest.c:(.text+0x29): warning: Using 'dlopen' in statically linked applications requires at runtime the shared libraries from the glibc version used for linking
configure:9512: $? = 0
configure:9530: result: no
configure:9553: checking if libtool supports shared libraries
configure:9555: result: yes
configure:9558: checking whether to build shared libraries
configure:9579: result: yes
configure:9582: checking whether to build static libraries
configure:9586: result: no
configure:9678: creating libtool
configure:10262: checking for ld used by g++
configure:10329: result: /usr/bin/ld -m elf_x86_64
configure:10336: checking if the linker (/usr/bin/ld -m elf_x86_64) is GNU ld
configure:10351: result: yes
configure:10402: checking whether the g++ linker (/usr/bin/ld -m elf_x86_64) supports shared libraries
configure:11282: result: yes
configure:11300: g++ -c -g -O2  conftest.cpp >&5
configure:11303: $? = 0
configure:11422: checking for g++ option to produce PIC
configure:11696: result: -fPIC
configure:11704: checking if g++ PIC flag -fPIC works
configure:11831: g++ -c -g -O2  -fPIC -DPIC conftest.cpp >&5
configure:11835: $? = 0
configure:11739: result: yes
configure:11767: checking if g++ static flag -static works
configure:11795: result: yes
configure:11805: checking if g++ supports -c -o file.o
configure:11935: g++ -c -g -O2  -o out/conftest2.o conftest.cpp >&5
configure:11939: $? = 0
configure:11852: result: yes
configure:11878: checking whether the g++ linker (/usr/bin/ld -m elf_x86_64) supports shared libraries
configure:11903: result: yes
configure:11970: checking dynamic linker characteristics
configure:12558: result: GNU/Linux ld.so
configure:12567: checking how to hardcode library paths into programs
configure:12592: result: immediate
configure:18631: checking for ANSI C header files
configure:18735: result: yes
configure:18746: checking for an ANSI C-conforming const
configure:18811: gcc -c  -D_GNU_SOURCE  conftest.c >&5
configure:18811: $? = 0
configure:18818: result: yes
configure:18826: checking for inline
configure:18842: gcc -c  -D_GNU_SOURCE  conftest.c >&5
configure:18842: $? = 0
configure:18850: result: inline
configure:18868: checking whether time.h and sys/time.h may both be included
configure:18888: gcc -c  -D_GNU_SOURCE  conftest.c >&5
configure:18888: $? = 0
configure:18895: result: yes
configure:18905: checking whether gcc needs -traditional
configure:18939: result: no
configure:18946: checking for hsearch_r
configure:18946: gcc -o conftest  -D_GNU_SOURCE   conftest.c  >&5
configure:18946: $? = 0
configure:18946: result: yes
configure:18961: checking for uselocale
configure:18961: gcc -o conftest  -D_GNU_SOURCE   conftest.c  >&5
configure:18961: $? = 0
configure:18961: result: yes
configure:18972: checking for library version
configure:18997: result: major 1 minor 0 subminor 25 extrastr  extraver 1000000
configure:19088: checking for versioned symbols
configure:19115: result: yes
configure:19134: checking for symbolic-functions
configure:19153: result: no
configure:19165: checking for custom symbol prefixes
configure:19178: result: 
configure:19181: checking for debug
configure:19192: result: yes
configure:19203: checking for debug assert
configure:19219: result: no
configure:19224: checking for tmpdir
configure:19234: result: /tmp
configure:19242: checking for softfloat
configure:19260: result: no
configure:19269: checking for libdl
configure:19280: checking for dlsym in -ldl
configure:19305: gcc -o conftest  -D_GNU_SOURCE   conftest.c -ldl   >&5
configure:19305: $? = 0
configure:19314: result: yes
configure:19339: checking for pthread
configure:19350: checking for pthread_join in -lpthread
configure:19375: gcc -o conftest  -D_GNU_SOURCE   conftest.c -lpthread   >&5
configure:19375: $? = 0
configure:19384: result: yes
configure:19401: checking for librt
configure:19412: checking for clock_gettime in -lrt
configure:19437: gcc -o conftest  -D_GNU_SOURCE   conftest.c -lrt   >&5
configure:19437: $? = 0
configure:19446: result: yes
configure:19468: checking for architecture
configure:19476: result: x86
configure:19512: checking wordexp.h usability
configure:19512: gcc -c  -D_GNU_SOURCE  conftest.c >&5
configure:19512: $? = 0
configure:19512: result: yes
configure:19512: checking wordexp.h presence
configure:19512: gcc -E  conftest.c
configure:19512: $? = 0
configure:19512: result: yes
configure:19512: checking for wordexp.h
configure:19512: result: yes
configure:19523: checking for resmgr support
configure:19532: result: no
configure:19587: checking for aload* support
configure:19596: result: yes
configure:19604: checking for ALSA device file directory
configure:19622: result: /dev/snd/
configure:19625: checking for aload* device file directory
configure:19643: result: /dev/
configure:20547: creating ./config.status

## ---------------------- ##
## Running config.status. ##
## ---------------------- ##

This file was extended by config.status, which was
generated by GNU Autoconf 2.68.  Invocation command line was

  CONFIG_FILES    = 
  CONFIG_HEADERS  = 
  CONFIG_LINKS    = 
  CONFIG_COMMANDS = 
  $ ./config.status 

on sylvain-System-Product-Name

config.status:1047: creating Makefile
config.status:1047: creating doc/Makefile
config.status:1047: creating doc/pictures/Makefile
config.status:1047: creating doc/doxygen.cfg
config.status:1047: creating include/Makefile
config.status:1047: creating include/sound/Makefile
config.status:1047: creating src/Versions
config.status:1047: creating src/Makefile
config.status:1047: creating src/control/Makefile
config.status:1047: creating src/mixer/Makefile
config.status:1047: creating src/pcm/Makefile
config.status:1047: creating src/pcm/scopes/Makefile
config.status:1047: creating src/rawmidi/Makefile
config.status:1047: creating src/timer/Makefile
config.status:1047: creating src/hwdep/Makefile
config.status:1047: creating src/seq/Makefile
config.status:1047: creating src/ucm/Makefile
config.status:1047: creating src/compat/Makefile
config.status:1047: creating src/alisp/Makefile
config.status:1047: creating src/conf/Makefile
config.status:1047: creating src/conf/alsa.conf.d/Makefile
config.status:1047: creating src/conf/cards/Makefile
config.status:1047: creating src/conf/pcm/Makefile
config.status:1047: creating modules/Makefile
config.status:1047: creating modules/mixer/Makefile
config.status:1047: creating modules/mixer/simple/Makefile
config.status:1047: creating alsalisp/Makefile
config.status:1047: creating aserver/Makefile
config.status:1047: creating test/Makefile
config.status:1047: creating test/lsb/Makefile
config.status:1047: creating utils/Makefile
config.status:1047: creating utils/alsa-lib.spec
config.status:1047: creating utils/alsa.pc
config.status:1047: creating include/config.h
config.status:1276: executing depfiles commands

## ---------------- ##
## Cache variables. ##
## ---------------- ##

ac_cv_build=x86_64-unknown-linux-gnu
ac_cv_c_compiler_gnu=yes
ac_cv_c_const=yes
ac_cv_c_inline=inline
ac_cv_cxx_compiler_gnu=yes
ac_cv_env_CCC_set=
ac_cv_env_CCC_value=
ac_cv_env_CC_set=
ac_cv_env_CC_value=
ac_cv_env_CFLAGS_set=
ac_cv_env_CFLAGS_value=
ac_cv_env_CPPFLAGS_set=
ac_cv_env_CPPFLAGS_value=
ac_cv_env_CPP_set=
ac_cv_env_CPP_value=
ac_cv_env_CXXCPP_set=
ac_cv_env_CXXCPP_value=
ac_cv_env_CXXFLAGS_set=
ac_cv_env_CXXFLAGS_value=
ac_cv_env_CXX_set=
ac_cv_env_CXX_value=
ac_cv_env_F77_set=
ac_cv_env_F77_value=
ac_cv_env_FFLAGS_set=
ac_cv_env_FFLAGS_value=
ac_cv_env_LDFLAGS_set=
ac_cv_env_LDFLAGS_value=
ac_cv_env_LIBS_set=
ac_cv_env_LIBS_value=
ac_cv_env_build_alias_set=
ac_cv_env_build_alias_value=
ac_cv_env_host_alias_set=
ac_cv_env_host_alias_value=
ac_cv_env_target_alias_set=
ac_cv_env_target_alias_value=
ac_cv_f77_compiler_gnu=no
ac_cv_func_dlopen=no
ac_cv_func_hsearch_r=yes
ac_cv_func_shl_load=no
ac_cv_func_uselocale=yes
ac_cv_header_dlfcn_h=yes
ac_cv_header_inttypes_h=yes
ac_cv_header_memory_h=yes
ac_cv_header_stdc=yes
ac_cv_header_stdint_h=yes
ac_cv_header_stdlib_h=yes
ac_cv_header_string_h=yes
ac_cv_header_strings_h=yes
ac_cv_header_sys_stat_h=yes
ac_cv_header_sys_types_h=yes
ac_cv_header_time=yes
ac_cv_header_unistd_h=yes
ac_cv_header_wordexp_h=yes
ac_cv_host=x86_64-unknown-linux-gnu
ac_cv_lib_dl_dlopen=yes
ac_cv_lib_dl_dlsym=yes
ac_cv_lib_dld_shl_load=no
ac_cv_lib_pthread_pthread_join=yes
ac_cv_lib_rt_clock_gettime=yes
ac_cv_objext=o
ac_cv_path_EGREP='/usr/bin/grep -E'
ac_cv_path_GREP=/usr/bin/grep
ac_cv_path_install='/usr/bin/install -c'
ac_cv_path_mkdir=/usr/bin/mkdir
ac_cv_prog_AWK=mawk
ac_cv_prog_CPP='gcc -E'
ac_cv_prog_CXXCPP='g++ -E'
ac_cv_prog_ac_ct_AR=ar
ac_cv_prog_ac_ct_CC=gcc
ac_cv_prog_ac_ct_CXX=g++
ac_cv_prog_ac_ct_RANLIB=ranlib
ac_cv_prog_ac_ct_STRIP=strip
ac_cv_prog_cc_c89=
ac_cv_prog_cc_g=yes
ac_cv_prog_cxx_g=yes
ac_cv_prog_f77_g=no
ac_cv_prog_gcc_traditional=no
ac_cv_prog_make_make_set=yes
am_cv_CC_dependencies_compiler_type=gcc3
am_cv_CXX_dependencies_compiler_type=gcc3
lt_cv_deplibs_check_method=pass_all
lt_cv_dlopen=dlopen
lt_cv_dlopen_libs=-ldl
lt_cv_dlopen_self=yes
lt_cv_dlopen_self_static=no
lt_cv_file_magic_cmd='$MAGIC_CMD'
lt_cv_file_magic_test_file=
lt_cv_ld_reload_flag=-r
lt_cv_objdir=.libs
lt_cv_path_LD=/usr/bin/ld
lt_cv_path_LDCXX='/usr/bin/ld -m elf_x86_64'
lt_cv_path_NM='/usr/bin/nm -B'
lt_cv_path_SED=/usr/bin/sed
lt_cv_prog_compiler_c_o=yes
lt_cv_prog_compiler_c_o_CXX=yes
lt_cv_prog_compiler_rtti_exceptions=no
lt_cv_prog_gnu_ld=yes
lt_cv_prog_gnu_ldcxx=yes
lt_cv_sys_global_symbol_pipe='sed -n -e '\''s/^.*[ 	]\([ABCDGIRSTW][ABCDGIRSTW]*\)[ 	][ 	]*\([_A-Za-z][_A-Za-z0-9]*\)$/\1 \2 \2/p'\'''
lt_cv_sys_global_symbol_to_c_name_address='sed -n -e '\''s/^: \([^ ]*\) $/  {\"\1\", (lt_ptr) 0},/p'\'' -e '\''s/^[BCDEGRST] \([^ ]*\) \([^ ]*\)$/  {"\2", (lt_ptr) \&\2},/p'\'''
lt_cv_sys_global_symbol_to_cdecl='sed -n -e '\''s/^. .* \(.*\)$/extern int \1;/p'\'''
lt_cv_sys_max_cmd_len=32768
lt_lt_cv_prog_compiler_c_o='"yes"'
lt_lt_cv_prog_compiler_c_o_CXX='"yes"'
lt_lt_cv_sys_global_symbol_pipe='"sed -n -e '\''s/^.*[ 	]\\([ABCDGIRSTW][ABCDGIRSTW]*\\)[ 	][ 	]*\\([_A-Za-z][_A-Za-z0-9]*\\)\$/\\1 \\2 \\2/p'\''"'
lt_lt_cv_sys_global_symbol_to_c_name_address='"sed -n -e '\''s/^: \\([^ ]*\\) \$/  {\\\"\\1\\\", (lt_ptr) 0},/p'\'' -e '\''s/^[BCDEGRST] \\([^ ]*\\) \\([^ ]*\\)\$/  {\"\\2\", (lt_ptr) \\&\\2},/p'\''"'
lt_lt_cv_sys_global_symbol_to_cdecl='"sed -n -e '\''s/^. .* \\(.*\\)\$/extern int \\1;/p'\''"'

## ----------------- ##
## Output variables. ##
## ----------------- ##

ACLOCAL='${SHELL} /home/sylvain/Documents/MarchingCloud/lib/alsa-lib/missing --run aclocal-1.11'
ALSA_CONFIG_DIR='/usr/share/alsa'
ALSA_DEPLIBS='-lm -ldl -lpthread -lrt'
ALSA_HSEARCH_R_FALSE=''
ALSA_HSEARCH_R_TRUE='#'
ALSA_PKGCONF_DIR='/usr/lib/pkgconfig'
ALSA_PLUGIN_DIR='/usr/lib/alsa-lib'
AMDEPBACKSLASH='\'
AMDEP_FALSE='#'
AMDEP_TRUE=''
AMTAR='${SHELL} /home/sylvain/Documents/MarchingCloud/lib/alsa-lib/missing --run tar'
AM_BACKSLASH='\'
AM_DEFAULT_VERBOSITY='0'
AR='ar'
AUTOCONF='${SHELL} /home/sylvain/Documents/MarchingCloud/lib/alsa-lib/missing --run autoconf'
AUTOHEADER='${SHELL} /home/sylvain/Documents/MarchingCloud/lib/alsa-lib/missing --run autoheader'
AUTOMAKE='${SHELL} /home/sylvain/Documents/MarchingCloud/lib/alsa-lib/missing --run automake-1.11'
AWK='mawk'
BUILD_ALISP_FALSE='#'
BUILD_ALISP_TRUE=''
BUILD_CTL_PLUGIN_EXT_FALSE='#'
BUILD_CTL_PLUGIN_EXT_TRUE=''
BUILD_CTL_PLUGIN_FALSE='#'
BUILD_CTL_PLUGIN_SHM_FALSE='#'
BUILD_CTL_PLUGIN_SHM_TRUE=''
BUILD_CTL_PLUGIN_TRUE=''
BUILD_HWDEP_FALSE='#'
BUILD_HWDEP_TRUE=''
BUILD_MIXER_FALSE='#'
BUILD_MIXER_TRUE=''
BUILD_MODULES_FALSE='#'
BUILD_MODULES_TRUE=''
BUILD_PCM_FALSE='#'
BUILD_PCM_PLUGIN_ADPCM_FALSE='#'
BUILD_PCM_PLUGIN_ADPCM_TRUE=''
BUILD_PCM_PLUGIN_ALAW_FALSE='#'
BUILD_PCM_PLUGIN_ALAW_TRUE=''
BUILD_PCM_PLUGIN_ASYM_FALSE='#'
BUILD_PCM_PLUGIN_ASYM_TRUE=''
BUILD_PCM_PLUGIN_COPY_FALSE='#'
BUILD_PCM_PLUGIN_COPY_TRUE=''
BUILD_PCM_PLUGIN_DMIX_FALSE='#'
BUILD_PCM_PLUGIN_DMIX_TRUE=''
BUILD_PCM_PLUGIN_DSHARE_FALSE='#'
BUILD_PCM_PLUGIN_DSHARE_TRUE=''
BUILD_PCM_PLUGIN_DSNOOP_FALSE='#'
BUILD_PCM_PLUGIN_DSNOOP_TRUE=''
BUILD_PCM_PLUGIN_EMPTY_FALSE='#'
BUILD_PCM_PLUGIN_EMPTY_TRUE=''
BUILD_PCM_PLUGIN_EXTPLUG_FALSE='#'
BUILD_PCM_PLUGIN_EXTPLUG_TRUE=''
BUILD_PCM_PLUGIN_FALSE='#'
BUILD_PCM_PLUGIN_FILE_FALSE='#'
BUILD_PCM_PLUGIN_FILE_TRUE=''
BUILD_PCM_PLUGIN_HOOKS_FALSE='#'
BUILD_PCM_PLUGIN_HOOKS_TRUE=''
BUILD_PCM_PLUGIN_IEC958_FALSE='#'
BUILD_PCM_PLUGIN_IEC958_TRUE=''
BUILD_PCM_PLUGIN_IOPLUG_FALSE='#'
BUILD_PCM_PLUGIN_IOPLUG_TRUE=''
BUILD_PCM_PLUGIN_LADSPA_FALSE='#'
BUILD_PCM_PLUGIN_LADSPA_TRUE=''
BUILD_PCM_PLUGIN_LFLOAT_FALSE='#'
BUILD_PCM_PLUGIN_LFLOAT_TRUE=''
BUILD_PCM_PLUGIN_LINEAR_FALSE='#'
BUILD_PCM_PLUGIN_LINEAR_TRUE=''
BUILD_PCM_PLUGIN_METER_FALSE='#'
BUILD_PCM_PLUGIN_METER_TRUE=''
BUILD_PCM_PLUGIN_MMAP_EMUL_FALSE='#'
BUILD_PCM_PLUGIN_MMAP_EMUL_TRUE=''
BUILD_PCM_PLUGIN_MULAW_FALSE='#'
BUILD_PCM_PLUGIN_MULAW_TRUE=''
BUILD_PCM_PLUGIN_MULTI_FALSE='#'
BUILD_PCM_PLUGIN_MULTI_TRUE=''
BUILD_PCM_PLUGIN_NULL_FALSE='#'
BUILD_PCM_PLUGIN_NULL_TRUE=''
BUILD_PCM_PLUGIN_PLUG_FALSE='#'
BUILD_PCM_PLUGIN_PLUG_TRUE=''
BUILD_PCM_PLUGIN_RATE_FALSE='#'
BUILD_PCM_PLUGIN_RATE_TRUE=''
BUILD_PCM_PLUGIN_ROUTE_FALSE='#'
BUILD_PCM_PLUGIN_ROUTE_TRUE=''
BUILD_PCM_PLUGIN_SHARE_FALSE='#'
BUILD_PCM_PLUGIN_SHARE_TRUE=''
BUILD_PCM_PLUGIN_SHM_FALSE='#'
BUILD_PCM_PLUGIN_SHM_TRUE=''
BUILD_PCM_PLUGIN_SOFTVOL_FALSE='#'
BUILD_PCM_PLUGIN_SOFTVOL_TRUE=''
BUILD_PCM_PLUGIN_TRUE=''
BUILD_PCM_TRUE=''
BUILD_PYTHON_FALSE=''
BUILD_PYTHON_TRUE='#'
BUILD_RAWMIDI_FALSE='#'
BUILD_RAWMIDI_TRUE=''
BUILD_SEQ_FALSE='#'
BUILD_SEQ_TRUE=''
BUILD_UCM_FALSE='#'
BUILD_UCM_TRUE=''
CC='gcc'
CCDEPMODE='depmode=gcc3'
CFLAGS=' -D_GNU_SOURCE'
CPP='gcc -E'
CPPFLAGS=''
CXX='g++'
CXXCPP='g++ -E'
CXXDEPMODE='depmode=gcc3'
CXXFLAGS='-g -O2'
CYGPATH_W='echo'
DEFS='-DHAVE_CONFIG_H'
DEPDIR='.deps'
ECHO='echo'
ECHO_C=''
ECHO_N='-n'
ECHO_T=''
EGREP='/usr/bin/grep -E'
EXEEXT=''
F77=''
FFLAGS=''
GREP='/usr/bin/grep'
INSTALL_DATA='${INSTALL} -m 644'
INSTALL_M4_FALSE='#'
INSTALL_M4_TRUE=''
INSTALL_PROGRAM='${INSTALL}'
INSTALL_SCRIPT='${INSTALL}'
INSTALL_STRIP_PROGRAM='$(install_sh) -c -s'
KEEP_OLD_SYMBOLS_FALSE='#'
KEEP_OLD_SYMBOLS_TRUE=''
LDFLAGS=''
LIBOBJS=''
LIBS=''
LIBTOOL='$(SHELL) $(top_builddir)/libtool'
LIBTOOL_VERSION_INFO='2:0:0'
LN_S='ln -s'
LTLIBOBJS=''
MAKEINFO='${SHELL} /home/sylvain/Documents/MarchingCloud/lib/alsa-lib/missing --run makeinfo'
MKDIR_P='/usr/bin/mkdir -p'
OBJEXT='o'
PACKAGE='alsa-lib'
PACKAGE_BUGREPORT=''
PACKAGE_NAME=''
PACKAGE_STRING=''
PACKAGE_TARNAME=''
PACKAGE_URL=''
PACKAGE_VERSION=''
PATH_SEPARATOR=':'
PYTHON_INCLUDES=''
PYTHON_LIBS=''
RANLIB='ranlib'
SET_MAKE=''
SHELL='/bin/bash'
SND_LIB_EXTRAVER='1000000'
SND_LIB_MAJOR='1'
SND_LIB_MINOR='0'
SND_LIB_SUBMINOR='25'
SND_LIB_VERSION='1.0.25'
STRIP='strip'
SYMBOLIC_FUNCTIONS_FALSE=''
SYMBOLIC_FUNCTIONS_TRUE='#'
SYMBOL_PREFIX=''
VERSION='1.0.25'
VERSIONED_SYMBOLS_FALSE='#'
VERSIONED_SYMBOLS_TRUE=''
ac_ct_CC='gcc'
ac_ct_CXX='g++'
ac_ct_F77=''
am__EXEEXT_FALSE=''
am__EXEEXT_TRUE='#'
am__fastdepCC_FALSE='#'
am__fastdepCC_TRUE=''
am__fastdepCXX_FALSE='#'
am__fastdepCXX_TRUE=''
am__include='include'
am__isrc=''
am__leading_dot='.'
am__quote=''
am__tar='${AMTAR} chof - "$$tardir"'
am__untar='${AMTAR} xf -'
bindir='${exec_prefix}/bin'
build='x86_64-unknown-linux-gnu'
build_alias=''
build_cpu='x86_64'
build_os='linux-gnu'
build_vendor='unknown'
datadir='${datarootdir}'
datarootdir='${prefix}/share'
docdir='${datarootdir}/doc/${PACKAGE}'
dvidir='${docdir}'
exec_prefix='/usr'
host='x86_64-unknown-linux-gnu'
host_alias=''
host_cpu='x86_64'
host_os='linux-gnu'
host_vendor='unknown'
htmldir='${docdir}'
includedir='${prefix}/include'
infodir='${datarootdir}/info'
install_sh='${SHELL} /home/sylvain/Documents/MarchingCloud/lib/alsa-lib/install-sh'
libdir='${exec_prefix}/lib'
libexecdir='${exec_prefix}/libexec'
localedir='${datarootdir}/locale'
localstatedir='${prefix}/var'
mandir='${datarootdir}/man'
mkdir_p='/usr/bin/mkdir -p'
oldincludedir='/usr/include'
pdfdir='${docdir}'
prefix='/usr'
program_transform_name='s,x,x,'
psdir='${docdir}'
sbindir='${exec_prefix}/sbin'
sharedstatedir='${prefix}/com'
sysconfdir='${prefix}/etc'
target_alias=''

## ----------- ##
## confdefs.h. ##
## ----------- ##

/* confdefs.h */
#define PACKAGE_NAME ""
#define PACKAGE_TARNAME ""
#define PACKAGE_VERSION ""
#define PACKAGE_STRING ""
#define PACKAGE_BUGREPORT ""
#define PACKAGE_URL ""
#define PACKAGE "alsa-lib"
#define VERSION "1.0.25"
#define STDC_HEADERS 1
#define HAVE_SYS_TYPES_H 1
#define HAVE_SYS_STAT_H 1
#define HAVE_STDLIB_H 1
#define HAVE_STRING_H 1
#define HAVE_MEMORY_H 1
#define HAVE_STRINGS_H 1
#define HAVE_INTTYPES_H 1
#define HAVE_STDINT_H 1
#define HAVE_UNISTD_H 1
#define HAVE_DLFCN_H 1
#define STDC_HEADERS 1
#define TIME_WITH_SYS_TIME 1
#define HAVE_USELOCALE 1
#define VERSION "1.0.25"
#define ALSA_CONFIG_DIR "/usr/share/alsa"
#define ALSA_PLUGIN_DIR "/usr/lib/alsa-lib"
#define ALSA_PKGCONF_DIR "/usr/lib/pkgconfig"
#define VERSIONED_SYMBOLS /**/
#define __SYMBOL_PREFIX ""
#define TMPDIR "/tmp"
#define HAVE_LIBDL 1
#define HAVE_LIBPTHREAD 1
#define HAVE_LIBRT 1
#define HAVE_CLOCK_GETTIME 1
#define HAVE_WORDEXP_H 1
#define SUPPORT_ALOAD "1"
#define ALSA_DEVICE_DIRECTORY "/dev/snd/"
#define ALOAD_DEVICE_DIRECTORY "/dev/"
#define BUILD_MIXER "1"
#define BUILD_PCM "1"
#define BUILD_RAWMIDI "1"
#define BUILD_HWDEP "1"
#define BUILD_SEQ "1"
#define BUILD_UCM "1"
#define BUILD_PCM_PLUGIN_RATE "1"
#define BUILD_PCM_PLUGIN_ROUTE "1"
#define BUILD_PCM_PLUGIN_LFLOAT "1"
#define BUILD_PCM_PLUGIN_ADPCM "1"
#define BUILD_PCM_PLUGIN_MULAW "1"
#define BUILD_PCM_PLUGIN_ALAW "1"
#define BUILD_PCM_PLUGIN_MMAP_EMUL "1"

configure: exit 0
